<?xml version="1.0" encoding="UTF-8"?>
<!-- Generated by org.testng.reporters.JUnitReportReporter -->
<testsuite hostname="DESKTOP-N7Q3VKS" failures="0" tests="2" name="maven.Maven_project.maven_ThirdTest" time="0.000" errors="0" timestamp="2021-08-01T19:23:35 ACST" skipped="0">
  <testcase classname="maven.Maven_project.maven_ThirdTest" name="SecondTest" time="0.000"/>
  <system-out/>
  <testcase classname="maven.Maven_project.maven_ThirdTest" name="FirstTest" time="0.000"/>
  <system-out/>
</testsuite> <!-- maven.Maven_project.maven_ThirdTest -->
