<?xml version="1.0" encoding="UTF-8"?>
<!-- Generated by org.testng.reporters.JUnitReportReporter -->
<testsuite hostname="DESKTOP-N7Q3VKS" failures="0" tests="1" name="maven.Maven_project.maven_FirstTest" time="0.002" errors="0" timestamp="2021-08-01T19:34:25 ACST" skipped="0">
  <testcase classname="maven.Maven_project.maven_FirstTest" name="First" time="0.002"/>
  <system-out/>
</testsuite> <!-- maven.Maven_project.maven_FirstTest -->
